  [1m[35m (0.0ms)[0m  [1m[34mSELECT sqlite_version(*)[0m
  ↳ C:/RailsInstaller/Ruby2.3.3/bin/rake:22
  [1m[35m (201.0ms)[0m  [1m[35mCREATE TABLE "schema_migrations" ("version" varchar NOT NULL PRIMARY KEY)[0m
  ↳ C:/RailsInstaller/Ruby2.3.3/bin/rake:22
  [1m[35m (252.0ms)[0m  [1m[35mCREATE TABLE "ar_internal_metadata" ("key" varchar NOT NULL PRIMARY KEY, "value" varchar, "created_at" datetime NOT NULL, "updated_at" datetime NOT NULL)[0m
  ↳ C:/RailsInstaller/Ruby2.3.3/bin/rake:22
  [1m[35m (0.0ms)[0m  [1m[34mSELECT "schema_migrations"."version" FROM "schema_migrations" ORDER BY "schema_migrations"."version" ASC[0m
  ↳ C:/RailsInstaller/Ruby2.3.3/bin/rake:22
Migrating to CreateAdmins (20180928050415)
  [1m[35m (0.0ms)[0m  [1m[36mbegin transaction[0m
  ↳ C:/RailsInstaller/Ruby2.3.3/bin/rake:22
  [1m[35m (1.0ms)[0m  [1m[35mCREATE TABLE "admins" ("id" integer PRIMARY KEY AUTOINCREMENT NOT NULL, "email" varchar NOT NULL, "name" varchar, "password" varchar, "created_at" datetime NOT NULL, "updated_at" datetime NOT NULL)[0m
  ↳ db/migrate/20180928050415_create_admins.rb:3
  [1m[36mActiveRecord::SchemaMigration Create (1.0ms)[0m  [1m[32mINSERT INTO "schema_migrations" ("version") VALUES (?)[0m  [["version", "20180928050415"]]
  ↳ C:/RailsInstaller/Ruby2.3.3/bin/rake:22
  [1m[35m (111.0ms)[0m  [1m[36mcommit transaction[0m
  ↳ C:/RailsInstaller/Ruby2.3.3/bin/rake:22
Migrating to CreateRealtors (20180928050837)
  [1m[35m (0.0ms)[0m  [1m[36mbegin transaction[0m
  ↳ C:/RailsInstaller/Ruby2.3.3/bin/rake:22
  [1m[35m (1.0ms)[0m  [1m[35mCREATE TABLE "realtors" ("id" integer PRIMARY KEY AUTOINCREMENT NOT NULL, "email" varchar NOT NULL, "name" varchar, "password" varchar, "phone" varchar, "created_at" datetime NOT NULL, "updated_at" datetime NOT NULL)[0m
  ↳ db/migrate/20180928050837_create_realtors.rb:3
  [1m[36mActiveRecord::SchemaMigration Create (1.0ms)[0m  [1m[32mINSERT INTO "schema_migrations" ("version") VALUES (?)[0m  [["version", "20180928050837"]]
  ↳ C:/RailsInstaller/Ruby2.3.3/bin/rake:22
  [1m[35m (119.0ms)[0m  [1m[36mcommit transaction[0m
  ↳ C:/RailsInstaller/Ruby2.3.3/bin/rake:22
Migrating to CreateCompanies (20180928051503)
  [1m[35m (0.0ms)[0m  [1m[36mbegin transaction[0m
  ↳ C:/RailsInstaller/Ruby2.3.3/bin/rake:22
  [1m[35m (2.0ms)[0m  [1m[35mCREATE TABLE "companies" ("id" integer PRIMARY KEY AUTOINCREMENT NOT NULL, "name" varchar, "website" varchar, "address" varchar, "founder" varchar, "revenue" varchar, "size" varchar, "synopsis" text, "created_at" datetime NOT NULL, "updated_at" datetime NOT NULL)[0m
  ↳ db/migrate/20180928051503_create_companies.rb:3
  [1m[36mActiveRecord::SchemaMigration Create (0.0ms)[0m  [1m[32mINSERT INTO "schema_migrations" ("version") VALUES (?)[0m  [["version", "20180928051503"]]
  ↳ C:/RailsInstaller/Ruby2.3.3/bin/rake:22
  [1m[35m (139.0ms)[0m  [1m[36mcommit transaction[0m
  ↳ C:/RailsInstaller/Ruby2.3.3/bin/rake:22
Migrating to CreateHouses (20180928053931)
  [1m[35m (1.0ms)[0m  [1m[36mbegin transaction[0m
  ↳ C:/RailsInstaller/Ruby2.3.3/bin/rake:22
  [1m[35m (3.0ms)[0m  [1m[35mCREATE TABLE "houses" ("id" integer PRIMARY KEY AUTOINCREMENT NOT NULL, "location" varchar, "sqft" varchar, "year" integer, "style" varchar, "price" varchar, "floor" varchar, "basement" varchar, "currentOwner" varchar, "contactNo" varchar, "imagePath" varchar, "created_at" datetime NOT NULL, "updated_at" datetime NOT NULL)[0m
  ↳ db/migrate/20180928053931_create_houses.rb:3
  [1m[36mActiveRecord::SchemaMigration Create (0.0ms)[0m  [1m[32mINSERT INTO "schema_migrations" ("version") VALUES (?)[0m  [["version", "20180928053931"]]
  ↳ C:/RailsInstaller/Ruby2.3.3/bin/rake:22
  [1m[35m (102.0ms)[0m  [1m[36mcommit transaction[0m
  ↳ C:/RailsInstaller/Ruby2.3.3/bin/rake:22
Migrating to CreateHousehunters (20180928054106)
  [1m[35m (0.0ms)[0m  [1m[36mbegin transaction[0m
  ↳ C:/RailsInstaller/Ruby2.3.3/bin/rake:22
  [1m[35m (1.0ms)[0m  [1m[35mCREATE TABLE "househunters" ("id" integer PRIMARY KEY AUTOINCREMENT NOT NULL, "email" varchar NOT NULL, "name" varchar, "password" varchar, "phone" varchar, "preferredcontact" varchar, "created_at" datetime NOT NULL, "updated_at" datetime NOT NULL)[0m
  ↳ db/migrate/20180928054106_create_househunters.rb:3
  [1m[36mActiveRecord::SchemaMigration Create (0.0ms)[0m  [1m[32mINSERT INTO "schema_migrations" ("version") VALUES (?)[0m  [["version", "20180928054106"]]
  ↳ C:/RailsInstaller/Ruby2.3.3/bin/rake:22
  [1m[35m (96.0ms)[0m  [1m[36mcommit transaction[0m
  ↳ C:/RailsInstaller/Ruby2.3.3/bin/rake:22
Migrating to CreateInquirydetails (20180928054433)
  [1m[35m (1.0ms)[0m  [1m[36mbegin transaction[0m
  ↳ C:/RailsInstaller/Ruby2.3.3/bin/rake:22
  [1m[35m (1.0ms)[0m  [1m[35mCREATE TABLE "inquirydetails" ("id" integer PRIMARY KEY AUTOINCREMENT NOT NULL, "subject" text, "content" text, "created_at" datetime NOT NULL, "updated_at" datetime NOT NULL)[0m
  ↳ db/migrate/20180928054433_create_inquirydetails.rb:3
  [1m[36mActiveRecord::SchemaMigration Create (1.0ms)[0m  [1m[32mINSERT INTO "schema_migrations" ("version") VALUES (?)[0m  [["version", "20180928054433"]]
  ↳ C:/RailsInstaller/Ruby2.3.3/bin/rake:22
  [1m[35m (92.0ms)[0m  [1m[36mcommit transaction[0m
  ↳ C:/RailsInstaller/Ruby2.3.3/bin/rake:22
Migrating to CreateInquiryreplies (20180928054558)
  [1m[35m (0.0ms)[0m  [1m[36mbegin transaction[0m
  ↳ C:/RailsInstaller/Ruby2.3.3/bin/rake:22
  [1m[35m (1.0ms)[0m  [1m[35mCREATE TABLE "inquiryreplies" ("id" integer PRIMARY KEY AUTOINCREMENT NOT NULL, "reply" varchar, "created_at" datetime NOT NULL, "updated_at" datetime NOT NULL)[0m
  ↳ db/migrate/20180928054558_create_inquiryreplies.rb:3
  [1m[36mActiveRecord::SchemaMigration Create (0.0ms)[0m  [1m[32mINSERT INTO "schema_migrations" ("version") VALUES (?)[0m  [["version", "20180928054558"]]
  ↳ C:/RailsInstaller/Ruby2.3.3/bin/rake:22
  [1m[35m (114.0ms)[0m  [1m[36mcommit transaction[0m
  ↳ C:/RailsInstaller/Ruby2.3.3/bin/rake:22
Migrating to CreatePotentialbuyers (20180928054719)
  [1m[35m (0.0ms)[0m  [1m[36mbegin transaction[0m
  ↳ C:/RailsInstaller/Ruby2.3.3/bin/rake:22
  [1m[35m (2.0ms)[0m  [1m[35mCREATE TABLE "potentialbuyers" ("id" integer PRIMARY KEY AUTOINCREMENT NOT NULL, "created_at" datetime NOT NULL, "updated_at" datetime NOT NULL)[0m
  ↳ db/migrate/20180928054719_create_potentialbuyers.rb:3
  [1m[36mActiveRecord::SchemaMigration Create (0.0ms)[0m  [1m[32mINSERT INTO "schema_migrations" ("version") VALUES (?)[0m  [["version", "20180928054719"]]
  ↳ C:/RailsInstaller/Ruby2.3.3/bin/rake:22
  [1m[35m (200.0ms)[0m  [1m[36mcommit transaction[0m
  ↳ C:/RailsInstaller/Ruby2.3.3/bin/rake:22
Migrating to CreateUsers (20180928054915)
  [1m[35m (0.0ms)[0m  [1m[36mbegin transaction[0m
  ↳ C:/RailsInstaller/Ruby2.3.3/bin/rake:22
  [1m[35m (2.0ms)[0m  [1m[35mCREATE TABLE "users" ("id" integer PRIMARY KEY AUTOINCREMENT NOT NULL, "email" varchar NOT NULL, "role" varchar, "created_at" datetime NOT NULL, "updated_at" datetime NOT NULL)[0m
  ↳ db/migrate/20180928054915_create_users.rb:3
  [1m[36mActiveRecord::SchemaMigration Create (0.0ms)[0m  [1m[32mINSERT INTO "schema_migrations" ("version") VALUES (?)[0m  [["version", "20180928054915"]]
  ↳ C:/RailsInstaller/Ruby2.3.3/bin/rake:22
  [1m[35m (135.0ms)[0m  [1m[36mcommit transaction[0m
  ↳ C:/RailsInstaller/Ruby2.3.3/bin/rake:22
  [1m[36mActiveRecord::InternalMetadata Load (1.0ms)[0m  [1m[34mSELECT  "ar_internal_metadata".* FROM "ar_internal_metadata" WHERE "ar_internal_metadata"."key" = ? LIMIT ?[0m  [["key", "environment"], ["LIMIT", 1]]
  ↳ C:/RailsInstaller/Ruby2.3.3/bin/rake:22
  [1m[35m (0.0ms)[0m  [1m[36mbegin transaction[0m
  ↳ C:/RailsInstaller/Ruby2.3.3/bin/rake:22
  [1m[36mActiveRecord::InternalMetadata Create (2.0ms)[0m  [1m[32mINSERT INTO "ar_internal_metadata" ("key", "value", "created_at", "updated_at") VALUES (?, ?, ?, ?)[0m  [["key", "environment"], ["value", "development"], ["created_at", "2018-09-28 20:34:19.018195"], ["updated_at", "2018-09-28 20:34:19.018195"]]
  ↳ C:/RailsInstaller/Ruby2.3.3/bin/rake:22
  [1m[35m (117.0ms)[0m  [1m[36mcommit transaction[0m
  ↳ C:/RailsInstaller/Ruby2.3.3/bin/rake:22
  [1m[35m (0.0ms)[0m  [1m[34mSELECT "schema_migrations"."version" FROM "schema_migrations" ORDER BY "schema_migrations"."version" ASC[0m
  ↳ C:/RailsInstaller/Ruby2.3.3/bin/rake:22
  [1m[35m (1.0ms)[0m  [1m[34mSELECT "schema_migrations"."version" FROM "schema_migrations" ORDER BY "schema_migrations"."version" ASC[0m
  ↳ C:/RailsInstaller/Ruby2.3.3/bin/rake:22
  [1m[36mActiveRecord::InternalMetadata Load (0.0ms)[0m  [1m[34mSELECT  "ar_internal_metadata".* FROM "ar_internal_metadata" WHERE "ar_internal_metadata"."key" = ? LIMIT ?[0m  [["key", "environment"], ["LIMIT", 1]]
  ↳ C:/RailsInstaller/Ruby2.3.3/bin/rake:22
  [1m[35m (0.0ms)[0m  [1m[36mbegin transaction[0m
  ↳ C:/RailsInstaller/Ruby2.3.3/bin/rake:22
  [1m[35m (0.0ms)[0m  [1m[36mcommit transaction[0m
  ↳ C:/RailsInstaller/Ruby2.3.3/bin/rake:22
  [1m[35m (0.0ms)[0m  [1m[34mSELECT "schema_migrations"."version" FROM "schema_migrations" ORDER BY "schema_migrations"."version" ASC[0m
  ↳ C:/RailsInstaller/Ruby2.3.3/bin/rake:22
  [1m[35m (1.0ms)[0m  [1m[34mSELECT "schema_migrations"."version" FROM "schema_migrations" ORDER BY "schema_migrations"."version" ASC[0m
  ↳ C:/RailsInstaller/Ruby2.3.3/bin/rake:22
  [1m[36mActiveRecord::InternalMetadata Load (1.0ms)[0m  [1m[34mSELECT  "ar_internal_metadata".* FROM "ar_internal_metadata" WHERE "ar_internal_metadata"."key" = ? LIMIT ?[0m  [["key", "environment"], ["LIMIT", 1]]
  ↳ C:/RailsInstaller/Ruby2.3.3/bin/rake:22
  [1m[35m (0.0ms)[0m  [1m[36mbegin transaction[0m
  ↳ C:/RailsInstaller/Ruby2.3.3/bin/rake:22
  [1m[35m (0.0ms)[0m  [1m[36mcommit transaction[0m
  ↳ C:/RailsInstaller/Ruby2.3.3/bin/rake:22
  [1m[35m (0.0ms)[0m  [1m[34mSELECT "schema_migrations"."version" FROM "schema_migrations" ORDER BY "schema_migrations"."version" ASC[0m
  ↳ C:/RailsInstaller/Ruby2.3.3/bin/rake:22
  [1m[35m (0.0ms)[0m  [1m[34mSELECT "schema_migrations"."version" FROM "schema_migrations" ORDER BY "schema_migrations"."version" ASC[0m
  ↳ C:/RailsInstaller/Ruby2.3.3/bin/rake:22
  [1m[36mActiveRecord::InternalMetadata Load (1.0ms)[0m  [1m[34mSELECT  "ar_internal_metadata".* FROM "ar_internal_metadata" WHERE "ar_internal_metadata"."key" = ? LIMIT ?[0m  [["key", "environment"], ["LIMIT", 1]]
  ↳ C:/RailsInstaller/Ruby2.3.3/bin/rake:22
  [1m[35m (0.0ms)[0m  [1m[36mbegin transaction[0m
  ↳ C:/RailsInstaller/Ruby2.3.3/bin/rake:22
  [1m[35m (0.0ms)[0m  [1m[36mcommit transaction[0m
  ↳ C:/RailsInstaller/Ruby2.3.3/bin/rake:22
  [1m[35m (0.0ms)[0m  [1m[34mSELECT "schema_migrations"."version" FROM "schema_migrations" ORDER BY "schema_migrations"."version" ASC[0m
  ↳ C:/RailsInstaller/Ruby2.3.3/bin/rake:22
